<?xml version="1.0" encoding="UTF-8" ?>
<testsuite errors="1" failures="0" hostname="macs-mbp" name="calculator.TheCalcTest" skipped="0" tests="10" time="0.116" timestamp="2020-01-06T09:52:35">
  <properties>
[...]
</properties>
  <testcase classname="calculator.TheCalcTest" name="testSubtractNumbers" time="0.001" />
  <testcase classname="calculator.TheCalcTest" name="testAddNumbers" time="0.005" />
  <testcase classname="calculator.TheCalcTest" name="testDivideNumbersWithZero" time="0.005">
    <error message="/ by zero" type="java.lang.ArithmeticException">java.lang.ArithmeticException: / by zero
	at calculator.TheCalcTest.testDivideNumbersWithZero(TheCalcTest.java:77)
</error>
  </testcase>
  <testcase classname="calculator.TheCalcTest" name="testMultiplyNumbersWithBigPositiveNumber" time="0.0" />
  <testcase classname="calculator.TheCalcTest" name="testDivideNumbersWith1" time="0.0" />
  <testcase classname="calculator.TheCalcTest" name="testDivideNumbersWithNegative1" time="0.0" />
  <testcase classname="calculator.TheCalcTest" name="testMultiplyNumbersWithOne" time="0.0" />
  <testcase classname="calculator.TheCalcTest" name="testMultiplyNumbersWithZero" time="0.0" />
  <testcase classname="calculator.TheCalcTest" name="testDivideNumbersWithBigPositiveNumber" time="0.0" />
  <testcase classname="calculator.TheCalcTest" name="testMultiplyNumbersWithNegative1" time="0.0" />
  <system-out><![CDATA[]]></system-out>
  <system-err><![CDATA[]]></system-err>
</testsuite>
